<?xml version="1.0" encoding="UTF-8"?>
<!-- Generated by org.testng.reporters.JUnitReportReporter -->
<testsuite hostname="TCDGT5BW3" failures="0" tests="3" name="TestNGPackage.AnnotationExample" time="112.386" errors="0" timestamp="2024-06-21T13:27:45 BST" skipped="0">
  <testcase classname="TestNGPackage.AnnotationExample" name="TC_03" time="93.641"/>
  <system-out/>
  <testcase classname="TestNGPackage.AnnotationExample" name="TC_01" time="10.274"/>
  <system-out/>
  <testcase classname="TestNGPackage.AnnotationExample" name="TC_02" time="8.471"/>
  <system-out/>
</testsuite> <!-- TestNGPackage.AnnotationExample -->
