<?xml version="1.0" encoding="UTF-8"?>
<!-- Generated by org.testng.reporters.JUnitReportReporter -->
<testsuite hostname="TCDGT5BW3" failures="0" tests="1" name="TestNGPackage.AnnotationExampleRegressionSuite" time="93.788" errors="0" timestamp="2024-07-17T12:43:39 BST" skipped="0">
  <testcase classname="TestNGPackage.AnnotationExampleRegressionSuite" name="TC_01" time="93.788"/>
  <system-out/>
</testsuite> <!-- TestNGPackage.AnnotationExampleRegressionSuite -->
