<?xml version="1.0" encoding="UTF-8"?>
<!-- Generated by org.testng.reporters.JUnitReportReporter -->
<testsuite hostname="TCDGT5BW3" failures="0" tests="1" name="TestNGPackage.AssertionExample" time="4.668" errors="0" timestamp="2024-07-12T14:20:45 BST" skipped="0">
  <testcase classname="TestNGPackage.AssertionExample" name="loginfaceBook" time="4.668"/>
  <system-out/>
</testsuite> <!-- TestNGPackage.AssertionExample -->
