<?xml version="1.0" encoding="UTF-8"?>
<!-- Generated by org.testng.reporters.JUnitReportReporter -->
<testsuite hostname="TCDGT5BW3" failures="0" tests="2" name="TestNGPackage.GroupsExample" time="8.858" errors="0" timestamp="2024-07-23T12:57:13 BST" skipped="0">
  <testcase classname="TestNGPackage.GroupsExample" name="loginfaceBook" time="8.848"/>
  <system-out/>
  <testcase classname="TestNGPackage.GroupsExample" name="CaseTest03" time="0.010"/>
  <system-out/>
</testsuite> <!-- TestNGPackage.GroupsExample -->
